{"C:\\University\\CPS714\\Team6\\CPS714-Notification-System\\src\\application\\broadcastAnnouncement.ts": {"path":"C:\\University\\CPS714\\Team6\\CPS714-Notification-System\\src\\application\\broadcastAnnouncement.ts","statementMap":{"0":{"start":{"line":33,"column":0},"end":{"line":33,"column":7}},"1":{"start":{"line":1,"column":0},"end":{"line":1,"column":75}},"2":{"start":{"line":2,"column":0},"end":{"line":2,"column":64}},"3":{"start":{"line":3,"column":0},"end":{"line":3,"column":60}},"4":{"start":{"line":4,"column":0},"end":{"line":4,"column":61}},"5":{"start":{"line":5,"column":0},"end":{"line":5,"column":42}},"6":{"start":{"line":6,"column":0},"end":{"line":6,"column":62}},"7":{"start":{"line":9,"column":28},"end":{"line":9,"column":30}},"8":{"start":{"line":10,"column":19},"end":{"line":10,"column":21}},"9":{"start":{"line":11,"column":30},"end":{"line":11,"column":33}},"10":{"start":{"line":37,"column":2},"end":{"line":37,"column":32}},"11":{"start":{"line":40,"column":2},"end":{"line":64,"column":3}},"12":{"start":{"line":41,"column":62},"end":{"line":41,"column":64}},"13":{"start":{"line":42,"column":21},"end":{"line":42,"column":22}},"14":{"start":{"line":44,"column":4},"end":{"line":57,"column":5}},"15":{"start":{"line":47,"column":6},"end":{"line":49,"column":7}},"16":{"start":{"line":48,"column":8},"end":{"line":48,"column":28}},"17":{"start":{"line":50,"column":6},"end":{"line":50,"column":19}},"18":{"start":{"line":53,"column":6},"end":{"line":56,"column":7}},"19":{"start":{"line":54,"column":8},"end":{"line":54,"column":58}},"20":{"start":{"line":55,"column":8},"end":{"line":55,"column":14}},"21":{"start":{"line":59,"column":4},"end":{"line":63,"column":6}},"22":{"start":{"line":71,"column":20},"end":{"line":71,"column":72}},"23":{"start":{"line":73,"column":4},"end":{"line":94,"column":5}},"24":{"start":{"line":74,"column":6},"end":{"line":93,"column":7}},"25":{"start":{"line":75,"column":8},"end":{"line":88,"column":9}},"26":{"start":{"line":76,"column":10},"end":{"line":80,"column":13}},"27":{"start":{"line":81,"column":10},"end":{"line":81,"column":30}},"28":{"start":{"line":82,"column":15},"end":{"line":88,"column":9}},"29":{"start":{"line":83,"column":10},"end":{"line":86,"column":13}},"30":{"start":{"line":87,"column":10},"end":{"line":87,"column":28}},"31":{"start":{"line":90,"column":23},"end":{"line":90,"column":51}},"32":{"start":{"line":91,"column":8},"end":{"line":91,"column":36}},"33":{"start":{"line":92,"column":8},"end":{"line":92,"column":68}},"34":{"start":{"line":96,"column":4},"end":{"line":96,"column":19}},"35":{"start":{"line":100,"column":23},"end":{"line":100,"column":24}},"36":{"start":{"line":101,"column":21},"end":{"line":101,"column":22}},"37":{"start":{"line":102,"column":23},"end":{"line":102,"column":24}},"38":{"start":{"line":103,"column":49},"end":{"line":103,"column":51}},"39":{"start":{"line":105,"column":57},"end":{"line":105,"column":59}},"40":{"start":{"line":107,"column":2},"end":{"line":136,"column":3}},"41":{"start":{"line":110,"column":4},"end":{"line":110,"column":23}},"42":{"start":{"line":113,"column":4},"end":{"line":129,"column":5}},"43":{"start":{"line":114,"column":28},"end":{"line":114,"column":61}},"44":{"start":{"line":114,"column":45},"end":{"line":114,"column":60}},"45":{"start":{"line":115,"column":22},"end":{"line":115,"column":61}},"46":{"start":{"line":118,"column":26},"end":{"line":118,"column":72}},"47":{"start":{"line":119,"column":6},"end":{"line":119,"column":46}},"48":{"start":{"line":120,"column":6},"end":{"line":120,"column":42}},"49":{"start":{"line":122,"column":6},"end":{"line":122,"column":37}},"50":{"start":{"line":123,"column":6},"end":{"line":123,"column":17}},"51":{"start":{"line":126,"column":6},"end":{"line":128,"column":7}},"52":{"start":{"line":127,"column":8},"end":{"line":127,"column":75}},"53":{"start":{"line":132,"column":4},"end":{"line":135,"column":5}},"54":{"start":{"line":133,"column":6},"end":{"line":133,"column":59}},"55":{"start":{"line":134,"column":6},"end":{"line":134,"column":12}},"56":{"start":{"line":139,"column":2},"end":{"line":149,"column":3}},"57":{"start":{"line":140,"column":26},"end":{"line":140,"column":59}},"58":{"start":{"line":140,"column":43},"end":{"line":140,"column":58}},"59":{"start":{"line":141,"column":20},"end":{"line":141,"column":59}},"60":{"start":{"line":144,"column":24},"end":{"line":144,"column":70}},"61":{"start":{"line":145,"column":4},"end":{"line":145,"column":44}},"62":{"start":{"line":146,"column":4},"end":{"line":146,"column":40}},"63":{"start":{"line":148,"column":4},"end":{"line":148,"column":35}},"64":{"start":{"line":151,"column":2},"end":{"line":153,"column":4}},"65":{"start":{"line":155,"column":2},"end":{"line":162,"column":4}}},"fnMap":{"0":{"name":"broadcastAnnouncement","decl":{"start":{"line":33,"column":22},"end":{"line":33,"column":43}},"loc":{"start":{"line":35,"column":34},"end":{"line":163,"column":1}}},"1":{"name":"sendToMember","decl":{"start":{"line":67,"column":17},"end":{"line":67,"column":29}},"loc":{"start":{"line":70,"column":3},"end":{"line":97,"column":3}}},"2":{"name":"(anonymous_2)","decl":{"start":{"line":114,"column":38},"end":{"line":114,"column":39}},"loc":{"start":{"line":114,"column":45},"end":{"line":114,"column":60}}},"3":{"name":"(anonymous_3)","decl":{"start":{"line":140,"column":36},"end":{"line":140,"column":37}},"loc":{"start":{"line":140,"column":43},"end":{"line":140,"column":58}}}},"branchMap":{"0":{"loc":{"start":{"line":40,"column":2},"end":{"line":64,"column":3}},"type":"if","locations":[{"start":{"line":40,"column":2},"end":{"line":64,"column":3}},{"start":{},"end":{}}]},"1":{"loc":{"start":{"line":47,"column":6},"end":{"line":49,"column":7}},"type":"if","locations":[{"start":{"line":47,"column":6},"end":{"line":49,"column":7}},{"start":{},"end":{}}]},"2":{"loc":{"start":{"line":53,"column":6},"end":{"line":56,"column":7}},"type":"if","locations":[{"start":{"line":53,"column":6},"end":{"line":56,"column":7}},{"start":{},"end":{}}]},"3":{"loc":{"start":{"line":75,"column":8},"end":{"line":88,"column":9}},"type":"if","locations":[{"start":{"line":75,"column":8},"end":{"line":88,"column":9}},{"start":{"line":82,"column":15},"end":{"line":88,"column":9}}]},"4":{"loc":{"start":{"line":75,"column":12},"end":{"line":75,"column":47}},"type":"binary-expr","locations":[{"start":{"line":75,"column":12},"end":{"line":75,"column":31}},{"start":{"line":75,"column":35},"end":{"line":75,"column":47}}]},"5":{"loc":{"start":{"line":82,"column":15},"end":{"line":88,"column":9}},"type":"if","locations":[{"start":{"line":82,"column":15},"end":{"line":88,"column":9}},{"start":{},"end":{}}]},"6":{"loc":{"start":{"line":82,"column":19},"end":{"line":82,"column":52}},"type":"binary-expr","locations":[{"start":{"line":82,"column":19},"end":{"line":82,"column":36}},{"start":{"line":82,"column":40},"end":{"line":82,"column":52}}]},"7":{"loc":{"start":{"line":90,"column":23},"end":{"line":90,"column":51}},"type":"binary-expr","locations":[{"start":{"line":90,"column":23},"end":{"line":90,"column":32}},{"start":{"line":90,"column":36},"end":{"line":90,"column":51}}]},"8":{"loc":{"start":{"line":113,"column":4},"end":{"line":129,"column":5}},"type":"if","locations":[{"start":{"line":113,"column":4},"end":{"line":129,"column":5}},{"start":{},"end":{}}]},"9":{"loc":{"start":{"line":126,"column":6},"end":{"line":128,"column":7}},"type":"if","locations":[{"start":{"line":126,"column":6},"end":{"line":128,"column":7}},{"start":{},"end":{}}]},"10":{"loc":{"start":{"line":132,"column":4},"end":{"line":135,"column":5}},"type":"if","locations":[{"start":{"line":132,"column":4},"end":{"line":135,"column":5}},{"start":{},"end":{}}]},"11":{"loc":{"start":{"line":139,"column":2},"end":{"line":149,"column":3}},"type":"if","locations":[{"start":{"line":139,"column":2},"end":{"line":149,"column":3}},{"start":{},"end":{}}]}},"s":{"0":1,"1":1,"2":1,"3":1,"4":1,"5":1,"6":1,"7":1,"8":1,"9":1,"10":12,"11":11,"12":3,"13":3,"14":3,"15":153,"16":23,"17":153,"18":153,"19":1,"20":1,"21":3,"22":376,"23":376,"24":381,"25":381,"26":373,"27":369,"28":8,"29":6,"30":6,"31":4,"32":4,"33":4,"34":376,"35":8,"36":8,"37":8,"38":8,"39":8,"40":8,"41":376,"42":376,"43":24,"44":360,"45":24,"46":24,"47":24,"48":24,"49":24,"50":24,"51":24,"52":1,"53":376,"54":1,"55":1,"56":8,"57":6,"58":16,"59":6,"60":6,"61":6,"62":6,"63":6,"64":8,"65":8},"f":{"0":12,"1":376,"2":360,"3":16},"b":{"0":[3,8],"1":[23,130],"2":[1,152],"3":[373,8],"4":[381,374],"5":[6,2],"6":[8,7],"7":[4,0],"8":[24,352],"9":[1,23],"10":[1,375],"11":[6,2]}}
,"C:\\University\\CPS714\\Team6\\CPS714-Notification-System\\src\\application\\sendNotification.ts": {"path":"C:\\University\\CPS714\\Team6\\CPS714-Notification-System\\src\\application\\sendNotification.ts","statementMap":{"0":{"start":{"line":13,"column":0},"end":{"line":13,"column":7}},"1":{"start":{"line":1,"column":0},"end":{"line":1,"column":81}},"2":{"start":{"line":2,"column":0},"end":{"line":2,"column":64}},"3":{"start":{"line":3,"column":0},"end":{"line":3,"column":60}},"4":{"start":{"line":4,"column":0},"end":{"line":4,"column":67}},"5":{"start":{"line":5,"column":0},"end":{"line":5,"column":61}},"6":{"start":{"line":14,"column":2},"end":{"line":14,"column":35}},"7":{"start":{"line":16,"column":39},"end":{"line":16,"column":41}},"8":{"start":{"line":19,"column":2},"end":{"line":55,"column":3}},"9":{"start":{"line":20,"column":4},"end":{"line":54,"column":5}},"10":{"start":{"line":21,"column":22},"end":{"line":24,"column":null}},"11":{"start":{"line":27,"column":6},"end":{"line":50,"column":7}},"12":{"start":{"line":28,"column":25},"end":{"line":32,"column":10}},"13":{"start":{"line":34,"column":8},"end":{"line":34,"column":60}},"14":{"start":{"line":35,"column":8},"end":{"line":35,"column":58}},"15":{"start":{"line":36,"column":13},"end":{"line":50,"column":7}},"16":{"start":{"line":37,"column":25},"end":{"line":40,"column":10}},"17":{"start":{"line":42,"column":8},"end":{"line":42,"column":58}},"18":{"start":{"line":43,"column":8},"end":{"line":43,"column":56}},"19":{"start":{"line":46,"column":8},"end":{"line":49,"column":10}},"20":{"start":{"line":52,"column":6},"end":{"line":52,"column":58}},"21":{"start":{"line":53,"column":6},"end":{"line":53,"column":64}},"22":{"start":{"line":57,"column":2},"end":{"line":57,"column":21}}},"fnMap":{"0":{"name":"sendNotification","decl":{"start":{"line":13,"column":22},"end":{"line":13,"column":38}},"loc":{"start":{"line":13,"column":63},"end":{"line":58,"column":1}}}},"branchMap":{"0":{"loc":{"start":{"line":27,"column":6},"end":{"line":50,"column":7}},"type":"if","locations":[{"start":{"line":27,"column":6},"end":{"line":50,"column":7}},{"start":{"line":36,"column":13},"end":{"line":50,"column":7}}]},"1":{"loc":{"start":{"line":27,"column":10},"end":{"line":27,"column":54}},"type":"binary-expr","locations":[{"start":{"line":27,"column":10},"end":{"line":27,"column":29}},{"start":{"line":27,"column":33},"end":{"line":27,"column":54}}]},"2":{"loc":{"start":{"line":30,"column":19},"end":{"line":30,"column":52}},"type":"binary-expr","locations":[{"start":{"line":30,"column":19},"end":{"line":30,"column":34}},{"start":{"line":30,"column":38},"end":{"line":30,"column":52}}]},"3":{"loc":{"start":{"line":36,"column":13},"end":{"line":50,"column":7}},"type":"if","locations":[{"start":{"line":36,"column":13},"end":{"line":50,"column":7}},{"start":{"line":44,"column":13},"end":{"line":50,"column":7}}]},"4":{"loc":{"start":{"line":36,"column":17},"end":{"line":36,"column":59}},"type":"binary-expr","locations":[{"start":{"line":36,"column":17},"end":{"line":36,"column":34}},{"start":{"line":36,"column":38},"end":{"line":36,"column":59}}]}},"s":{"0":1,"1":1,"2":1,"3":1,"4":1,"5":1,"6":8,"7":7,"8":7,"9":10,"10":10,"11":10,"12":4,"13":3,"14":3,"15":6,"16":4,"17":3,"18":3,"19":2,"20":2,"21":2,"22":7},"f":{"0":8},"b":{"0":[4,6],"1":[10,5],"2":[4,0],"3":[4,2],"4":[6,5]}}
,"C:\\University\\CPS714\\Team6\\CPS714-Notification-System\\src\\application\\validatePayload.ts": {"path":"C:\\University\\CPS714\\Team6\\CPS714-Notification-System\\src\\application\\validatePayload.ts","statementMap":{"0":{"start":{"line":31,"column":0},"end":{"line":31,"column":16}},"1":{"start":{"line":59,"column":0},"end":{"line":59,"column":16}},"2":{"start":{"line":32,"column":2},"end":{"line":34,"column":3}},"3":{"start":{"line":33,"column":4},"end":{"line":33,"column":65}},"4":{"start":{"line":36,"column":2},"end":{"line":38,"column":3}},"5":{"start":{"line":37,"column":4},"end":{"line":37,"column":63}},"6":{"start":{"line":40,"column":2},"end":{"line":42,"column":3}},"7":{"start":{"line":41,"column":4},"end":{"line":41,"column":77}},"8":{"start":{"line":44,"column":2},"end":{"line":46,"column":3}},"9":{"start":{"line":45,"column":4},"end":{"line":45,"column":68}},"10":{"start":{"line":48,"column":2},"end":{"line":50,"column":3}},"11":{"start":{"line":49,"column":4},"end":{"line":49,"column":62}},"12":{"start":{"line":60,"column":2},"end":{"line":62,"column":3}},"13":{"start":{"line":61,"column":4},"end":{"line":61,"column":65}},"14":{"start":{"line":64,"column":2},"end":{"line":66,"column":3}},"15":{"start":{"line":65,"column":4},"end":{"line":65,"column":65}},"16":{"start":{"line":68,"column":2},"end":{"line":70,"column":3}},"17":{"start":{"line":69,"column":4},"end":{"line":69,"column":67}},"18":{"start":{"line":72,"column":2},"end":{"line":74,"column":3}},"19":{"start":{"line":73,"column":4},"end":{"line":73,"column":70}}},"fnMap":{"0":{"name":"validateNotificationInput","decl":{"start":{"line":31,"column":16},"end":{"line":31,"column":41}},"loc":{"start":{"line":31,"column":52},"end":{"line":51,"column":1}}},"1":{"name":"validateBroadcastInput","decl":{"start":{"line":59,"column":16},"end":{"line":59,"column":38}},"loc":{"start":{"line":59,"column":49},"end":{"line":75,"column":1}}}},"branchMap":{"0":{"loc":{"start":{"line":32,"column":2},"end":{"line":34,"column":3}},"type":"if","locations":[{"start":{"line":32,"column":2},"end":{"line":34,"column":3}},{"start":{},"end":{}}]},"1":{"loc":{"start":{"line":32,"column":6},"end":{"line":32,"column":41}},"type":"binary-expr","locations":[{"start":{"line":32,"column":6},"end":{"line":32,"column":12}},{"start":{"line":32,"column":16},"end":{"line":32,"column":41}}]},"2":{"loc":{"start":{"line":36,"column":2},"end":{"line":38,"column":3}},"type":"if","locations":[{"start":{"line":36,"column":2},"end":{"line":38,"column":3}},{"start":{},"end":{}}]},"3":{"loc":{"start":{"line":40,"column":2},"end":{"line":42,"column":3}},"type":"if","locations":[{"start":{"line":40,"column":2},"end":{"line":42,"column":3}},{"start":{},"end":{}}]},"4":{"loc":{"start":{"line":40,"column":6},"end":{"line":40,"column":54}},"type":"binary-expr","locations":[{"start":{"line":40,"column":6},"end":{"line":40,"column":28}},{"start":{"line":40,"column":32},"end":{"line":40,"column":54}}]},"5":{"loc":{"start":{"line":44,"column":2},"end":{"line":46,"column":3}},"type":"if","locations":[{"start":{"line":44,"column":2},"end":{"line":46,"column":3}},{"start":{},"end":{}}]},"6":{"loc":{"start":{"line":44,"column":6},"end":{"line":44,"column":52}},"type":"binary-expr","locations":[{"start":{"line":44,"column":6},"end":{"line":44,"column":21}},{"start":{"line":44,"column":25},"end":{"line":44,"column":52}}]},"7":{"loc":{"start":{"line":48,"column":2},"end":{"line":50,"column":3}},"type":"if","locations":[{"start":{"line":48,"column":2},"end":{"line":50,"column":3}},{"start":{},"end":{}}]},"8":{"loc":{"start":{"line":60,"column":2},"end":{"line":62,"column":3}},"type":"if","locations":[{"start":{"line":60,"column":2},"end":{"line":62,"column":3}},{"start":{},"end":{}}]},"9":{"loc":{"start":{"line":60,"column":6},"end":{"line":60,"column":41}},"type":"binary-expr","locations":[{"start":{"line":60,"column":6},"end":{"line":60,"column":12}},{"start":{"line":60,"column":16},"end":{"line":60,"column":41}}]},"10":{"loc":{"start":{"line":64,"column":2},"end":{"line":66,"column":3}},"type":"if","locations":[{"start":{"line":64,"column":2},"end":{"line":66,"column":3}},{"start":{},"end":{}}]},"11":{"loc":{"start":{"line":64,"column":6},"end":{"line":64,"column":51}},"type":"binary-expr","locations":[{"start":{"line":64,"column":6},"end":{"line":64,"column":20}},{"start":{"line":64,"column":24},"end":{"line":64,"column":51}}]},"12":{"loc":{"start":{"line":68,"column":2},"end":{"line":70,"column":3}},"type":"if","locations":[{"start":{"line":68,"column":2},"end":{"line":70,"column":3}},{"start":{},"end":{}}]},"13":{"loc":{"start":{"line":68,"column":6},"end":{"line":68,"column":52}},"type":"binary-expr","locations":[{"start":{"line":68,"column":6},"end":{"line":68,"column":21}},{"start":{"line":68,"column":25},"end":{"line":68,"column":52}}]},"14":{"loc":{"start":{"line":72,"column":2},"end":{"line":74,"column":3}},"type":"if","locations":[{"start":{"line":72,"column":2},"end":{"line":74,"column":3}},{"start":{},"end":{}}]},"15":{"loc":{"start":{"line":72,"column":6},"end":{"line":72,"column":48}},"type":"binary-expr","locations":[{"start":{"line":72,"column":6},"end":{"line":72,"column":21}},{"start":{"line":72,"column":25},"end":{"line":72,"column":48}}]}},"s":{"0":3,"1":3,"2":18,"3":2,"4":16,"5":2,"6":14,"7":1,"8":13,"9":2,"10":11,"11":1,"12":22,"13":2,"14":20,"15":3,"16":17,"17":2,"18":15,"19":2},"f":{"0":18,"1":22},"b":{"0":[2,16],"1":[18,17],"2":[2,14],"3":[1,13],"4":[14,5],"5":[2,11],"6":[13,12],"7":[1,10],"8":[2,20],"9":[22,20],"10":[3,17],"11":[20,18],"12":[2,15],"13":[17,16],"14":[2,13],"15":[15,14]}}
,"C:\\University\\CPS714\\Team6\\CPS714-Notification-System\\src\\application\\_utils\\batchHelpers.ts": {"path":"C:\\University\\CPS714\\Team6\\CPS714-Notification-System\\src\\application\\_utils\\batchHelpers.ts","statementMap":{"0":{"start":{"line":8,"column":0},"end":{"line":8,"column":16}},"1":{"start":{"line":16,"column":18},"end":{"line":16,"column":19}},"2":{"start":{"line":17,"column":16},"end":{"line":17,"column":17}},"3":{"start":{"line":19,"column":2},"end":{"line":27,"column":5}},"4":{"start":{"line":20,"column":4},"end":{"line":26,"column":5}},"5":{"start":{"line":21,"column":6},"end":{"line":21,"column":42}},"6":{"start":{"line":22,"column":6},"end":{"line":22,"column":38}},"7":{"start":{"line":23,"column":6},"end":{"line":25,"column":9}},"8":{"start":{"line":24,"column":8},"end":{"line":24,"column":61}},"9":{"start":{"line":29,"column":2},"end":{"line":29,"column":32}}},"fnMap":{"0":{"name":"aggregateBatchResults","decl":{"start":{"line":8,"column":16},"end":{"line":8,"column":37}},"loc":{"start":{"line":14,"column":40},"end":{"line":30,"column":1}}},"1":{"name":"(anonymous_1)","decl":{"start":{"line":19,"column":18},"end":{"line":19,"column":19}},"loc":{"start":{"line":19,"column":29},"end":{"line":27,"column":3}}},"2":{"name":"(anonymous_2)","decl":{"start":{"line":23,"column":34},"end":{"line":23,"column":35}},"loc":{"start":{"line":23,"column":42},"end":{"line":25,"column":7}}}},"branchMap":{"0":{"loc":{"start":{"line":20,"column":4},"end":{"line":26,"column":5}},"type":"if","locations":[{"start":{"line":20,"column":4},"end":{"line":26,"column":5}},{"start":{},"end":{}}]},"1":{"loc":{"start":{"line":24,"column":31},"end":{"line":24,"column":55}},"type":"binary-expr","locations":[{"start":{"line":24,"column":31},"end":{"line":24,"column":50}},{"start":{"line":24,"column":54},"end":{"line":24,"column":55}}]}},"s":{"0":2,"1":37,"2":37,"3":37,"4":388,"5":387,"6":387,"7":387,"8":12,"9":37},"f":{"0":37,"1":388,"2":12},"b":{"0":[387,1],"1":[12,8]}}
,"C:\\University\\CPS714\\Team6\\CPS714-Notification-System\\src\\infrastructure\\emailProvider.ts": {"path":"C:\\University\\CPS714\\Team6\\CPS714-Notification-System\\src\\infrastructure\\emailProvider.ts","statementMap":{"0":{"start":{"line":1,"column":0},"end":{"line":1,"column":45}},"1":{"start":{"line":13,"column":4},"end":{"line":21,"column":5}},"2":{"start":{"line":15,"column":6},"end":{"line":15,"column":128}},"3":{"start":{"line":16,"column":32},"end":{"line":16,"column":58}},"4":{"start":{"line":17,"column":6},"end":{"line":17,"column":39}},"5":{"start":{"line":19,"column":6},"end":{"line":19,"column":139}},"6":{"start":{"line":20,"column":6},"end":{"line":20,"column":14}},"7":{"start":{"line":11,"column":0},"end":{"line":11,"column":13}},"8":{"start":{"line":26,"column":13},"end":{"line":26,"column":57}}},"fnMap":{"0":{"name":"(anonymous_0)","decl":{"start":{"line":12,"column":2},"end":{"line":12,"column":7}},"loc":{"start":{"line":12,"column":66},"end":{"line":22,"column":3}}}},"branchMap":{"0":{"loc":{"start":{"line":15,"column":67},"end":{"line":15,"column":124}},"type":"cond-expr","locations":[{"start":{"line":15,"column":83},"end":{"line":15,"column":119}},{"start":{"line":15,"column":122},"end":{"line":15,"column":124}}]},"1":{"loc":{"start":{"line":19,"column":63},"end":{"line":19,"column":120}},"type":"cond-expr","locations":[{"start":{"line":19,"column":79},"end":{"line":19,"column":115}},{"start":{"line":19,"column":118},"end":{"line":19,"column":120}}]}},"s":{"0":3,"1":5,"2":5,"3":5,"4":5,"5":0,"6":0,"7":3,"8":3},"f":{"0":5},"b":{"0":[1,4],"1":[0,0]}}
,"C:\\University\\CPS714\\Team6\\CPS714-Notification-System\\src\\infrastructure\\logger.ts": {"path":"C:\\University\\CPS714\\Team6\\CPS714-Notification-System\\src\\infrastructure\\logger.ts","statementMap":{"0":{"start":{"line":1,"column":0},"end":{"line":1,"column":16}},"1":{"start":{"line":5,"column":0},"end":{"line":5,"column":16}},"2":{"start":{"line":2,"column":2},"end":{"line":2,"column":63}},"3":{"start":{"line":6,"column":2},"end":{"line":6,"column":66}}},"fnMap":{"0":{"name":"logInfo","decl":{"start":{"line":1,"column":16},"end":{"line":1,"column":23}},"loc":{"start":{"line":1,"column":39},"end":{"line":3,"column":1}}},"1":{"name":"logError","decl":{"start":{"line":5,"column":16},"end":{"line":5,"column":24}},"loc":{"start":{"line":5,"column":40},"end":{"line":7,"column":1}}}},"branchMap":{},"s":{"0":5,"1":5,"2":1,"3":1},"f":{"0":1,"1":1},"b":{}}
,"C:\\University\\CPS714\\Team6\\CPS714-Notification-System\\src\\infrastructure\\memberDirectoryClient.ts": {"path":"C:\\University\\CPS714\\Team6\\CPS714-Notification-System\\src\\infrastructure\\memberDirectoryClient.ts","statementMap":{"0":{"start":{"line":2,"column":0},"end":{"line":2,"column":35}},"1":{"start":{"line":15,"column":4},"end":{"line":15,"column":57}},"2":{"start":{"line":17,"column":24},"end":{"line":22,"column":6}},"3":{"start":{"line":24,"column":4},"end":{"line":26,"column":5}},"4":{"start":{"line":25,"column":6},"end":{"line":25,"column":19}},"5":{"start":{"line":8,"column":0},"end":{"line":8,"column":13}}},"fnMap":{"0":{"name":"(anonymous_0)","decl":{"start":{"line":9,"column":2},"end":{"line":9,"column":7}},"loc":{"start":{"line":9,"column":39},"end":{"line":27,"column":3}}}},"branchMap":{},"s":{"0":0,"1":0,"2":0,"3":0,"4":0,"5":0},"f":{"0":0},"b":{}}
,"C:\\University\\CPS714\\Team6\\CPS714-Notification-System\\src\\infrastructure\\messageFormatter.ts": {"path":"C:\\University\\CPS714\\Team6\\CPS714-Notification-System\\src\\infrastructure\\messageFormatter.ts","statementMap":{"0":{"start":{"line":10,"column":0},"end":{"line":10,"column":16}},"1":{"start":{"line":15,"column":13},"end":{"line":15,"column":21}},"2":{"start":{"line":16,"column":2},"end":{"line":18,"column":3}},"3":{"start":{"line":17,"column":4},"end":{"line":17,"column":62}},"4":{"start":{"line":20,"column":18},"end":{"line":20,"column":87}},"5":{"start":{"line":21,"column":2},"end":{"line":21,"column":27}}},"fnMap":{"0":{"name":"formatMessage","decl":{"start":{"line":10,"column":16},"end":{"line":10,"column":29}},"loc":{"start":{"line":13,"column":26},"end":{"line":22,"column":1}}}},"branchMap":{"0":{"loc":{"start":{"line":20,"column":18},"end":{"line":20,"column":87}},"type":"cond-expr","locations":[{"start":{"line":20,"column":40},"end":{"line":20,"column":75}},{"start":{"line":20,"column":78},"end":{"line":20,"column":87}}]},"1":{"loc":{"start":{"line":20,"column":40},"end":{"line":20,"column":75}},"type":"binary-expr","locations":[{"start":{"line":20,"column":40},"end":{"line":20,"column":57}},{"start":{"line":20,"column":61},"end":{"line":20,"column":75}}]}},"s":{"0":2,"1":7,"2":7,"3":7,"4":7,"5":7},"f":{"0":7},"b":{"0":[2,5],"1":[2,1]}}
,"C:\\University\\CPS714\\Team6\\CPS714-Notification-System\\src\\infrastructure\\smsProvider.ts": {"path":"C:\\University\\CPS714\\Team6\\CPS714-Notification-System\\src\\infrastructure\\smsProvider.ts","statementMap":{"0":{"start":{"line":1,"column":0},"end":{"line":1,"column":45}},"1":{"start":{"line":12,"column":4},"end":{"line":20,"column":5}},"2":{"start":{"line":14,"column":6},"end":{"line":14,"column":124}},"3":{"start":{"line":15,"column":32},"end":{"line":15,"column":56}},"4":{"start":{"line":16,"column":6},"end":{"line":16,"column":39}},"5":{"start":{"line":18,"column":6},"end":{"line":18,"column":129}},"6":{"start":{"line":19,"column":6},"end":{"line":19,"column":14}},"7":{"start":{"line":10,"column":0},"end":{"line":10,"column":13}},"8":{"start":{"line":25,"column":13},"end":{"line":25,"column":51}}},"fnMap":{"0":{"name":"(anonymous_0)","decl":{"start":{"line":11,"column":2},"end":{"line":11,"column":7}},"loc":{"start":{"line":11,"column":51},"end":{"line":21,"column":3}}}},"branchMap":{"0":{"loc":{"start":{"line":14,"column":63},"end":{"line":14,"column":120}},"type":"cond-expr","locations":[{"start":{"line":14,"column":79},"end":{"line":14,"column":115}},{"start":{"line":14,"column":118},"end":{"line":14,"column":120}}]},"1":{"loc":{"start":{"line":18,"column":53},"end":{"line":18,"column":110}},"type":"cond-expr","locations":[{"start":{"line":18,"column":69},"end":{"line":18,"column":105}},{"start":{"line":18,"column":108},"end":{"line":18,"column":110}}]}},"s":{"0":3,"1":5,"2":5,"3":5,"4":5,"5":0,"6":0,"7":3,"8":3},"f":{"0":5},"b":{"0":[1,4],"1":[0,0]}}
,"C:\\University\\CPS714\\Team6\\CPS714-Notification-System\\src\\pages\\api\\_health.ts": {"path":"C:\\University\\CPS714\\Team6\\CPS714-Notification-System\\src\\pages\\api\\_health.ts","statementMap":{"0":{"start":{"line":4,"column":0},"end":{"line":4,"column":24}},"1":{"start":{"line":2,"column":0},"end":{"line":2,"column":55}},"2":{"start":{"line":5,"column":2},"end":{"line":5,"column":24}},"3":{"start":{"line":6,"column":2},"end":{"line":10,"column":5}}},"fnMap":{"0":{"name":"handler","decl":{"start":{"line":4,"column":24},"end":{"line":4,"column":31}},"loc":{"start":{"line":4,"column":74},"end":{"line":11,"column":1}}}},"branchMap":{},"s":{"0":0,"1":0,"2":0,"3":0},"f":{"0":0},"b":{}}
,"C:\\University\\CPS714\\Team6\\CPS714-Notification-System\\src\\pages\\api\\_utils\\apiHelpers.ts": {"path":"C:\\University\\CPS714\\Team6\\CPS714-Notification-System\\src\\pages\\api\\_utils\\apiHelpers.ts","statementMap":{"0":{"start":{"line":7,"column":0},"end":{"line":7,"column":16}},"1":{"start":{"line":19,"column":0},"end":{"line":19,"column":16}},"2":{"start":{"line":39,"column":0},"end":{"line":39,"column":16}},"3":{"start":{"line":8,"column":2},"end":{"line":8,"column":39}},"4":{"start":{"line":24,"column":2},"end":{"line":27,"column":3}},"5":{"start":{"line":25,"column":4},"end":{"line":25,"column":58}},"6":{"start":{"line":26,"column":4},"end":{"line":26,"column":17}},"7":{"start":{"line":28,"column":2},"end":{"line":28,"column":14}},"8":{"start":{"line":40,"column":14},"end":{"line":40,"column":51}},"9":{"start":{"line":42,"column":4},"end":{"line":44,"column":7}},"10":{"start":{"line":45,"column":2},"end":{"line":45,"column":42}}},"fnMap":{"0":{"name":"setServiceHeader","decl":{"start":{"line":7,"column":16},"end":{"line":7,"column":32}},"loc":{"start":{"line":7,"column":53},"end":{"line":9,"column":1}}},"1":{"name":"validateMethod","decl":{"start":{"line":19,"column":16},"end":{"line":19,"column":30}},"loc":{"start":{"line":22,"column":24},"end":{"line":29,"column":1}}},"2":{"name":"handleApiError","decl":{"start":{"line":39,"column":16},"end":{"line":39,"column":30}},"loc":{"start":{"line":39,"column":59},"end":{"line":46,"column":1}}}},"branchMap":{"0":{"loc":{"start":{"line":24,"column":2},"end":{"line":27,"column":3}},"type":"if","locations":[{"start":{"line":24,"column":2},"end":{"line":27,"column":3}},{"start":{},"end":{}}]},"1":{"loc":{"start":{"line":40,"column":21},"end":{"line":40,"column":50}},"type":"binary-expr","locations":[{"start":{"line":40,"column":21},"end":{"line":40,"column":31}},{"start":{"line":40,"column":35},"end":{"line":40,"column":50}}]},"2":{"loc":{"start":{"line":42,"column":4},"end":{"line":44,"column":7}},"type":"cond-expr","locations":[{"start":{"line":42,"column":41},"end":{"line":42,"column":44}},{"start":{"line":43,"column":4},"end":{"line":44,"column":7}}]},"3":{"loc":{"start":{"line":43,"column":4},"end":{"line":44,"column":7}},"type":"cond-expr","locations":[{"start":{"line":43,"column":33},"end":{"line":43,"column":36}},{"start":{"line":44,"column":4},"end":{"line":44,"column":7}}]}},"s":{"0":1,"1":1,"2":1,"3":1,"4":2,"5":1,"6":1,"7":1,"8":4,"9":4,"10":4},"f":{"0":1,"1":2,"2":4},"b":{"0":[1,1],"1":[4,1],"2":[1,3],"3":[1,2]}}
,"C:\\University\\CPS714\\Team6\\CPS714-Notification-System\\src\\pages\\api\\_utils\\auth.ts": {"path":"C:\\University\\CPS714\\Team6\\CPS714-Notification-System\\src\\pages\\api\\_utils\\auth.ts","statementMap":{"0":{"start":{"line":12,"column":0},"end":{"line":12,"column":16}},"1":{"start":{"line":24,"column":0},"end":{"line":24,"column":16}},"2":{"start":{"line":38,"column":0},"end":{"line":38,"column":16}},"3":{"start":{"line":2,"column":0},"end":{"line":2,"column":28}},"4":{"start":{"line":3,"column":0},"end":{"line":3,"column":48}},"5":{"start":{"line":13,"column":14},"end":{"line":13,"column":52}},"6":{"start":{"line":14,"column":2},"end":{"line":14,"column":50}},"7":{"start":{"line":25,"column":2},"end":{"line":28,"column":3}},"8":{"start":{"line":26,"column":4},"end":{"line":26,"column":52}},"9":{"start":{"line":27,"column":4},"end":{"line":27,"column":17}},"10":{"start":{"line":29,"column":2},"end":{"line":29,"column":14}},"11":{"start":{"line":39,"column":25},"end":{"line":39,"column":90}},"12":{"start":{"line":40,"column":26},"end":{"line":40,"column":80}},"13":{"start":{"line":41,"column":2},"end":{"line":41,"column":43}}},"fnMap":{"0":{"name":"isApiKeyValid","decl":{"start":{"line":12,"column":16},"end":{"line":12,"column":29}},"loc":{"start":{"line":12,"column":49},"end":{"line":15,"column":1}}},"1":{"name":"requireAuth","decl":{"start":{"line":24,"column":16},"end":{"line":24,"column":27}},"loc":{"start":{"line":24,"column":69},"end":{"line":30,"column":1}}},"2":{"name":"extractMeta","decl":{"start":{"line":38,"column":16},"end":{"line":38,"column":27}},"loc":{"start":{"line":38,"column":47},"end":{"line":42,"column":1}}}},"branchMap":{"0":{"loc":{"start":{"line":13,"column":21},"end":{"line":13,"column":51}},"type":"binary-expr","locations":[{"start":{"line":13,"column":21},"end":{"line":13,"column":45}},{"start":{"line":13,"column":49},"end":{"line":13,"column":51}}]},"1":{"loc":{"start":{"line":14,"column":9},"end":{"line":14,"column":49}},"type":"binary-expr","locations":[{"start":{"line":14,"column":9},"end":{"line":14,"column":24}},{"start":{"line":14,"column":28},"end":{"line":14,"column":49}}]},"2":{"loc":{"start":{"line":25,"column":2},"end":{"line":28,"column":3}},"type":"if","locations":[{"start":{"line":25,"column":2},"end":{"line":28,"column":3}},{"start":{},"end":{}}]},"3":{"loc":{"start":{"line":39,"column":25},"end":{"line":39,"column":90}},"type":"binary-expr","locations":[{"start":{"line":39,"column":25},"end":{"line":39,"column":67}},{"start":{"line":39,"column":71},"end":{"line":39,"column":90}}]},"4":{"loc":{"start":{"line":40,"column":26},"end":{"line":40,"column":80}},"type":"binary-expr","locations":[{"start":{"line":40,"column":26},"end":{"line":40,"column":67}},{"start":{"line":40,"column":71},"end":{"line":40,"column":80}}]}},"s":{"0":1,"1":1,"2":1,"3":1,"4":1,"5":2,"6":2,"7":2,"8":1,"9":1,"10":1,"11":5,"12":5,"13":5},"f":{"0":2,"1":2,"2":5},"b":{"0":[2,0],"1":[2,2],"2":[1,1],"3":[5,3],"4":[5,3]}}
,"C:\\University\\CPS714\\Team6\\CPS714-Notification-System\\src\\pages\\api\\announcements\\broadcast.ts": {"path":"C:\\University\\CPS714\\Team6\\CPS714-Notification-System\\src\\pages\\api\\announcements\\broadcast.ts","statementMap":{"0":{"start":{"line":7,"column":0},"end":{"line":7,"column":7}},"1":{"start":{"line":2,"column":0},"end":{"line":2,"column":58}},"2":{"start":{"line":3,"column":0},"end":{"line":3,"column":88}},"3":{"start":{"line":4,"column":0},"end":{"line":4,"column":90}},"4":{"start":{"line":5,"column":0},"end":{"line":5,"column":83}},"5":{"start":{"line":8,"column":2},"end":{"line":8,"column":24}},"6":{"start":{"line":9,"column":2},"end":{"line":9,"column":48}},"7":{"start":{"line":9,"column":41},"end":{"line":9,"column":48}},"8":{"start":{"line":10,"column":2},"end":{"line":10,"column":37}},"9":{"start":{"line":10,"column":30},"end":{"line":10,"column":37}},"10":{"start":{"line":12,"column":2},"end":{"line":21,"column":3}},"11":{"start":{"line":13,"column":17},"end":{"line":13,"column":33}},"12":{"start":{"line":14,"column":19},"end":{"line":16,"column":null}},"13":{"start":{"line":18,"column":4},"end":{"line":18,"column":71}},"14":{"start":{"line":20,"column":4},"end":{"line":20,"column":27}},"15":{"start":{"line":24,"column":0},"end":{"line":24,"column":23}}},"fnMap":{"0":{"name":"handler","decl":{"start":{"line":7,"column":22},"end":{"line":7,"column":29}},"loc":{"start":{"line":7,"column":71},"end":{"line":22,"column":1}}}},"branchMap":{"0":{"loc":{"start":{"line":9,"column":2},"end":{"line":9,"column":48}},"type":"if","locations":[{"start":{"line":9,"column":2},"end":{"line":9,"column":48}},{"start":{},"end":{}}]},"1":{"loc":{"start":{"line":10,"column":2},"end":{"line":10,"column":37}},"type":"if","locations":[{"start":{"line":10,"column":2},"end":{"line":10,"column":37}},{"start":{},"end":{}}]}},"s":{"0":0,"1":0,"2":0,"3":0,"4":0,"5":0,"6":0,"7":0,"8":0,"9":0,"10":0,"11":0,"12":0,"13":0,"14":0,"15":0},"f":{"0":0},"b":{"0":[0,0],"1":[0,0]}}
,"C:\\University\\CPS714\\Team6\\CPS714-Notification-System\\src\\pages\\api\\announcements\\index.ts": {"path":"C:\\University\\CPS714\\Team6\\CPS714-Notification-System\\src\\pages\\api\\announcements\\index.ts","statementMap":{"0":{"start":{"line":4,"column":0},"end":{"line":4,"column":24}},"1":{"start":{"line":2,"column":0},"end":{"line":2,"column":72}},"2":{"start":{"line":5,"column":2},"end":{"line":5,"column":24}},"3":{"start":{"line":6,"column":2},"end":{"line":6,"column":47}},"4":{"start":{"line":6,"column":40},"end":{"line":6,"column":47}},"5":{"start":{"line":8,"column":2},"end":{"line":13,"column":5}}},"fnMap":{"0":{"name":"handler","decl":{"start":{"line":4,"column":24},"end":{"line":4,"column":31}},"loc":{"start":{"line":4,"column":73},"end":{"line":14,"column":1}}}},"branchMap":{"0":{"loc":{"start":{"line":6,"column":2},"end":{"line":6,"column":47}},"type":"if","locations":[{"start":{"line":6,"column":2},"end":{"line":6,"column":47}},{"start":{},"end":{}}]}},"s":{"0":0,"1":0,"2":0,"3":0,"4":0,"5":0},"f":{"0":0},"b":{"0":[0,0]}}
,"C:\\University\\CPS714\\Team6\\CPS714-Notification-System\\src\\pages\\api\\notifications\\index.ts": {"path":"C:\\University\\CPS714\\Team6\\CPS714-Notification-System\\src\\pages\\api\\notifications\\index.ts","statementMap":{"0":{"start":{"line":4,"column":0},"end":{"line":4,"column":24}},"1":{"start":{"line":2,"column":0},"end":{"line":2,"column":72}},"2":{"start":{"line":5,"column":2},"end":{"line":5,"column":24}},"3":{"start":{"line":6,"column":2},"end":{"line":6,"column":47}},"4":{"start":{"line":6,"column":40},"end":{"line":6,"column":47}},"5":{"start":{"line":8,"column":2},"end":{"line":13,"column":5}}},"fnMap":{"0":{"name":"handler","decl":{"start":{"line":4,"column":24},"end":{"line":4,"column":31}},"loc":{"start":{"line":4,"column":73},"end":{"line":14,"column":1}}}},"branchMap":{"0":{"loc":{"start":{"line":6,"column":2},"end":{"line":6,"column":47}},"type":"if","locations":[{"start":{"line":6,"column":2},"end":{"line":6,"column":47}},{"start":{},"end":{}}]}},"s":{"0":0,"1":0,"2":0,"3":0,"4":0,"5":0},"f":{"0":0},"b":{"0":[0,0]}}
,"C:\\University\\CPS714\\Team6\\CPS714-Notification-System\\src\\pages\\api\\notifications\\send.ts": {"path":"C:\\University\\CPS714\\Team6\\CPS714-Notification-System\\src\\pages\\api\\notifications\\send.ts","statementMap":{"0":{"start":{"line":6,"column":0},"end":{"line":6,"column":7}},"1":{"start":{"line":2,"column":0},"end":{"line":2,"column":58}},"2":{"start":{"line":3,"column":0},"end":{"line":3,"column":88}},"3":{"start":{"line":4,"column":0},"end":{"line":4,"column":73}},"4":{"start":{"line":7,"column":2},"end":{"line":7,"column":24}},"5":{"start":{"line":8,"column":2},"end":{"line":8,"column":48}},"6":{"start":{"line":8,"column":41},"end":{"line":8,"column":48}},"7":{"start":{"line":9,"column":2},"end":{"line":9,"column":37}},"8":{"start":{"line":9,"column":30},"end":{"line":9,"column":37}},"9":{"start":{"line":11,"column":2},"end":{"line":17,"column":3}},"10":{"start":{"line":12,"column":17},"end":{"line":12,"column":33}},"11":{"start":{"line":13,"column":24},"end":{"line":13,"column":72}},"12":{"start":{"line":14,"column":4},"end":{"line":14,"column":69}},"13":{"start":{"line":16,"column":4},"end":{"line":16,"column":27}},"14":{"start":{"line":20,"column":0},"end":{"line":20,"column":23}}},"fnMap":{"0":{"name":"handler","decl":{"start":{"line":6,"column":22},"end":{"line":6,"column":29}},"loc":{"start":{"line":6,"column":71},"end":{"line":18,"column":1}}}},"branchMap":{"0":{"loc":{"start":{"line":8,"column":2},"end":{"line":8,"column":48}},"type":"if","locations":[{"start":{"line":8,"column":2},"end":{"line":8,"column":48}},{"start":{},"end":{}}]},"1":{"loc":{"start":{"line":9,"column":2},"end":{"line":9,"column":37}},"type":"if","locations":[{"start":{"line":9,"column":2},"end":{"line":9,"column":37}},{"start":{},"end":{}}]}},"s":{"0":0,"1":0,"2":0,"3":0,"4":0,"5":0,"6":0,"7":0,"8":0,"9":0,"10":0,"11":0,"12":0,"13":0,"14":0},"f":{"0":0},"b":{"0":[0,0],"1":[0,0]}}
,"C:\\University\\CPS714\\Team6\\CPS714-Notification-System\\src\\shared\\config.ts": {"path":"C:\\University\\CPS714\\Team6\\CPS714-Notification-System\\src\\shared\\config.ts","statementMap":{"0":{"start":{"line":27,"column":2},"end":{"line":27,"column":74}},"1":{"start":{"line":27,"column":54},"end":{"line":27,"column":74}},"2":{"start":{"line":28,"column":2},"end":{"line":28,"column":42}},"3":{"start":{"line":35,"column":13},"end":{"line":53,"column":2}}},"fnMap":{"0":{"name":"readEnv","decl":{"start":{"line":26,"column":9},"end":{"line":26,"column":16}},"loc":{"start":{"line":26,"column":55},"end":{"line":29,"column":1}}}},"branchMap":{"0":{"loc":{"start":{"line":26,"column":30},"end":{"line":26,"column":55}},"type":"default-arg","locations":[{"start":{"line":26,"column":53},"end":{"line":26,"column":55}}]},"1":{"loc":{"start":{"line":27,"column":2},"end":{"line":27,"column":74}},"type":"if","locations":[{"start":{"line":27,"column":2},"end":{"line":27,"column":74}},{"start":{},"end":{}}]},"2":{"loc":{"start":{"line":27,"column":6},"end":{"line":27,"column":52}},"type":"binary-expr","locations":[{"start":{"line":27,"column":6},"end":{"line":27,"column":36}},{"start":{"line":27,"column":40},"end":{"line":27,"column":52}}]},"3":{"loc":{"start":{"line":28,"column":9},"end":{"line":28,"column":41}},"type":"binary-expr","locations":[{"start":{"line":28,"column":9},"end":{"line":28,"column":25}},{"start":{"line":28,"column":29},"end":{"line":28,"column":41}}]}},"s":{"0":14,"1":0,"2":14,"3":2},"f":{"0":14},"b":{"0":[0],"1":[0,14],"2":[14,14],"3":[14,14]}}
}
