TN:
SF:src\application\broadcastAnnouncement.ts
FN:33,broadcastAnnouncement
FN:67,sendToMember
FN:114,(anonymous_2)
FN:140,(anonymous_3)
FNF:4
FNH:4
FNDA:12,broadcastAnnouncement
FNDA:376,sendToMember
FNDA:360,(anonymous_2)
FNDA:16,(anonymous_3)
DA:1,1
DA:2,1
DA:3,1
DA:4,1
DA:5,1
DA:6,1
DA:9,1
DA:10,1
DA:11,1
DA:33,1
DA:37,12
DA:40,11
DA:41,3
DA:42,3
DA:44,3
DA:47,153
DA:48,23
DA:50,153
DA:53,153
DA:54,1
DA:55,1
DA:59,3
DA:71,376
DA:73,376
DA:74,381
DA:75,381
DA:76,373
DA:81,369
DA:82,8
DA:83,6
DA:87,6
DA:90,4
DA:91,4
DA:92,4
DA:96,376
DA:100,8
DA:101,8
DA:102,8
DA:103,8
DA:105,8
DA:107,8
DA:110,376
DA:113,376
DA:114,360
DA:115,24
DA:118,24
DA:119,24
DA:120,24
DA:122,24
DA:123,24
DA:126,24
DA:127,1
DA:132,376
DA:133,1
DA:134,1
DA:139,8
DA:140,16
DA:141,6
DA:144,6
DA:145,6
DA:146,6
DA:148,6
DA:151,8
DA:155,8
LF:64
LH:64
BRDA:40,0,0,3
BRDA:40,0,1,8
BRDA:47,1,0,23
BRDA:47,1,1,130
BRDA:53,2,0,1
BRDA:53,2,1,152
BRDA:75,3,0,373
BRDA:75,3,1,8
BRDA:75,4,0,381
BRDA:75,4,1,374
BRDA:82,5,0,6
BRDA:82,5,1,2
BRDA:82,6,0,8
BRDA:82,6,1,7
BRDA:90,7,0,4
BRDA:90,7,1,0
BRDA:113,8,0,24
BRDA:113,8,1,352
BRDA:126,9,0,1
BRDA:126,9,1,23
BRDA:132,10,0,1
BRDA:132,10,1,375
BRDA:139,11,0,6
BRDA:139,11,1,2
BRF:24
BRH:23
end_of_record
TN:
SF:src\application\sendNotification.ts
FN:13,sendNotification
FNF:1
FNH:1
FNDA:8,sendNotification
DA:1,1
DA:2,1
DA:3,1
DA:4,1
DA:5,1
DA:13,1
DA:14,8
DA:16,7
DA:19,7
DA:20,10
DA:21,10
DA:27,10
DA:28,4
DA:34,3
DA:35,3
DA:36,6
DA:37,4
DA:42,3
DA:43,3
DA:46,2
DA:52,2
DA:53,2
DA:57,7
LF:23
LH:23
BRDA:27,0,0,4
BRDA:27,0,1,6
BRDA:27,1,0,10
BRDA:27,1,1,5
BRDA:30,2,0,4
BRDA:30,2,1,0
BRDA:36,3,0,4
BRDA:36,3,1,2
BRDA:36,4,0,6
BRDA:36,4,1,5
BRF:10
BRH:9
end_of_record
TN:
SF:src\application\validatePayload.ts
FN:31,validateNotificationInput
FN:59,validateBroadcastInput
FNF:2
FNH:2
FNDA:18,validateNotificationInput
FNDA:22,validateBroadcastInput
DA:31,3
DA:32,18
DA:33,2
DA:36,16
DA:37,2
DA:40,14
DA:41,1
DA:44,13
DA:45,2
DA:48,11
DA:49,1
DA:59,3
DA:60,22
DA:61,2
DA:64,20
DA:65,3
DA:68,17
DA:69,2
DA:72,15
DA:73,2
LF:20
LH:20
BRDA:32,0,0,2
BRDA:32,0,1,16
BRDA:32,1,0,18
BRDA:32,1,1,17
BRDA:36,2,0,2
BRDA:36,2,1,14
BRDA:40,3,0,1
BRDA:40,3,1,13
BRDA:40,4,0,14
BRDA:40,4,1,5
BRDA:44,5,0,2
BRDA:44,5,1,11
BRDA:44,6,0,13
BRDA:44,6,1,12
BRDA:48,7,0,1
BRDA:48,7,1,10
BRDA:60,8,0,2
BRDA:60,8,1,20
BRDA:60,9,0,22
BRDA:60,9,1,20
BRDA:64,10,0,3
BRDA:64,10,1,17
BRDA:64,11,0,20
BRDA:64,11,1,18
BRDA:68,12,0,2
BRDA:68,12,1,15
BRDA:68,13,0,17
BRDA:68,13,1,16
BRDA:72,14,0,2
BRDA:72,14,1,13
BRDA:72,15,0,15
BRDA:72,15,1,14
BRF:32
BRH:32
end_of_record
TN:
SF:src\application\_utils\batchHelpers.ts
FN:8,aggregateBatchResults
FN:19,(anonymous_1)
FN:23,(anonymous_2)
FNF:3
FNH:3
FNDA:37,aggregateBatchResults
FNDA:388,(anonymous_1)
FNDA:12,(anonymous_2)
DA:8,2
DA:16,37
DA:17,37
DA:19,37
DA:20,388
DA:21,387
DA:22,387
DA:23,387
DA:24,12
DA:29,37
LF:10
LH:10
BRDA:20,0,0,387
BRDA:20,0,1,1
BRDA:24,1,0,12
BRDA:24,1,1,8
BRF:4
BRH:4
end_of_record
TN:
SF:src\infrastructure\emailProvider.ts
FN:12,(anonymous_0)
FNF:1
FNH:1
FNDA:5,(anonymous_0)
DA:1,3
DA:11,3
DA:13,5
DA:15,5
DA:16,5
DA:17,5
DA:19,0
DA:20,0
DA:26,3
LF:9
LH:7
BRDA:15,0,0,1
BRDA:15,0,1,4
BRDA:19,1,0,0
BRDA:19,1,1,0
BRF:4
BRH:2
end_of_record
TN:
SF:src\infrastructure\logger.ts
FN:1,logInfo
FN:5,logError
FNF:2
FNH:2
FNDA:1,logInfo
FNDA:1,logError
DA:1,5
DA:2,1
DA:5,5
DA:6,1
LF:4
LH:4
BRF:0
BRH:0
end_of_record
TN:
SF:src\infrastructure\memberDirectoryClient.ts
FN:9,(anonymous_0)
FNF:1
FNH:0
FNDA:0,(anonymous_0)
DA:2,0
DA:8,0
DA:15,0
DA:17,0
DA:24,0
DA:25,0
LF:6
LH:0
BRF:0
BRH:0
end_of_record
TN:
SF:src\infrastructure\messageFormatter.ts
FN:10,formatMessage
FNF:1
FNH:1
FNDA:7,formatMessage
DA:10,2
DA:15,7
DA:16,7
DA:17,7
DA:20,7
DA:21,7
LF:6
LH:6
BRDA:20,0,0,2
BRDA:20,0,1,5
BRDA:20,1,0,2
BRDA:20,1,1,1
BRF:4
BRH:4
end_of_record
TN:
SF:src\infrastructure\smsProvider.ts
FN:11,(anonymous_0)
FNF:1
FNH:1
FNDA:5,(anonymous_0)
DA:1,3
DA:10,3
DA:12,5
DA:14,5
DA:15,5
DA:16,5
DA:18,0
DA:19,0
DA:25,3
LF:9
LH:7
BRDA:14,0,0,1
BRDA:14,0,1,4
BRDA:18,1,0,0
BRDA:18,1,1,0
BRF:4
BRH:2
end_of_record
TN:
SF:src\pages\api\_health.ts
FN:4,handler
FNF:1
FNH:0
FNDA:0,handler
DA:2,0
DA:4,0
DA:5,0
DA:6,0
LF:4
LH:0
BRF:0
BRH:0
end_of_record
TN:
SF:src\pages\api\_utils\apiHelpers.ts
FN:7,setServiceHeader
FN:19,validateMethod
FN:39,handleApiError
FNF:3
FNH:3
FNDA:1,setServiceHeader
FNDA:2,validateMethod
FNDA:4,handleApiError
DA:7,1
DA:8,1
DA:19,1
DA:24,2
DA:25,1
DA:26,1
DA:28,1
DA:39,1
DA:40,4
DA:42,4
DA:45,4
LF:11
LH:11
BRDA:24,0,0,1
BRDA:24,0,1,1
BRDA:40,1,0,4
BRDA:40,1,1,1
BRDA:42,2,0,1
BRDA:42,2,1,3
BRDA:43,3,0,1
BRDA:43,3,1,2
BRF:8
BRH:8
end_of_record
TN:
SF:src\pages\api\_utils\auth.ts
FN:12,isApiKeyValid
FN:24,requireAuth
FN:38,extractMeta
FNF:3
FNH:3
FNDA:2,isApiKeyValid
FNDA:2,requireAuth
FNDA:5,extractMeta
DA:2,1
DA:3,1
DA:12,1
DA:13,2
DA:14,2
DA:24,1
DA:25,2
DA:26,1
DA:27,1
DA:29,1
DA:38,1
DA:39,5
DA:40,5
DA:41,5
LF:14
LH:14
BRDA:13,0,0,2
BRDA:13,0,1,0
BRDA:14,1,0,2
BRDA:14,1,1,2
BRDA:25,2,0,1
BRDA:25,2,1,1
BRDA:39,3,0,5
BRDA:39,3,1,3
BRDA:40,4,0,5
BRDA:40,4,1,3
BRF:10
BRH:9
end_of_record
TN:
SF:src\pages\api\announcements\broadcast.ts
FN:7,handler
FNF:1
FNH:0
FNDA:0,handler
DA:2,0
DA:3,0
DA:4,0
DA:5,0
DA:7,0
DA:8,0
DA:9,0
DA:10,0
DA:12,0
DA:13,0
DA:14,0
DA:18,0
DA:20,0
DA:24,0
LF:14
LH:0
BRDA:9,0,0,0
BRDA:9,0,1,0
BRDA:10,1,0,0
BRDA:10,1,1,0
BRF:4
BRH:0
end_of_record
TN:
SF:src\pages\api\announcements\index.ts
FN:4,handler
FNF:1
FNH:0
FNDA:0,handler
DA:2,0
DA:4,0
DA:5,0
DA:6,0
DA:8,0
LF:5
LH:0
BRDA:6,0,0,0
BRDA:6,0,1,0
BRF:2
BRH:0
end_of_record
TN:
SF:src\pages\api\notifications\index.ts
FN:4,handler
FNF:1
FNH:0
FNDA:0,handler
DA:2,0
DA:4,0
DA:5,0
DA:6,0
DA:8,0
LF:5
LH:0
BRDA:6,0,0,0
BRDA:6,0,1,0
BRF:2
BRH:0
end_of_record
TN:
SF:src\pages\api\notifications\send.ts
FN:6,handler
FNF:1
FNH:0
FNDA:0,handler
DA:2,0
DA:3,0
DA:4,0
DA:6,0
DA:7,0
DA:8,0
DA:9,0
DA:11,0
DA:12,0
DA:13,0
DA:14,0
DA:16,0
DA:20,0
LF:13
LH:0
BRDA:8,0,0,0
BRDA:8,0,1,0
BRDA:9,1,0,0
BRDA:9,1,1,0
BRF:4
BRH:0
end_of_record
TN:
SF:src\shared\config.ts
FN:26,readEnv
FNF:1
FNH:1
FNDA:14,readEnv
DA:27,14
DA:28,14
DA:35,2
LF:3
LH:3
BRDA:26,0,0,0
BRDA:27,1,0,0
BRDA:27,1,1,14
BRDA:27,2,0,14
BRDA:27,2,1,14
BRDA:28,3,0,14
BRDA:28,3,1,14
BRF:7
BRH:5
end_of_record
